<?xml version="1.0" encoding="UTF-8"?>
<!-- Generated by org.testng.reporters.JUnitReportReporter -->
<testsuite hostname="DESKTOP-2RDQ9UG" failures="0" tests="1" name="DossierTest.TestCreatingPatient" time="27.084" errors="0" timestamp="2024-03-10T19:31:35 GMT+01:00" skipped="0">
  <testcase classname="DossierTest.TestCreatingPatient" name="CreatePatient" time="27.084"/>
</testsuite> <!-- DossierTest.TestCreatingPatient -->
